<?xml version="1.0" encoding="UTF-8"?>
<!-- Generated by org.testng.reporters.JUnitReportReporter -->
<testsuite hostname="Pebbles" failures="0" tests="1" name="com.tekarch.SeleniumTest2" time="5.994" errors="0" timestamp="2023-05-23T12:41:03 EDT" skipped="0">
  <testcase classname="com.tekarch.SeleniumTest2" name="script1" time="5.994"/>
  <system-out/>
</testsuite> <!-- com.tekarch.SeleniumTest2 -->
